<?xml version="1.0" encoding="UTF-8"?>
<testng-results skipped="0" failed="0" total="1" passed="1">
  <reporter-output>
  </reporter-output>
  <suite name="Default suite" duration-ms="21326" started-at="2016-05-20T23:05:29Z" finished-at="2016-05-20T23:05:51Z">
    <groups>
    </groups>
    <test name="Default test" duration-ms="21326" started-at="2016-05-20T23:05:29Z" finished-at="2016-05-20T23:05:51Z">
      <class name="testCases.ExecuteTest">
        <test-method status="PASS" signature="testLogin()[pri:0, instance:testCases.ExecuteTest@23223dd8]" name="testLogin" duration-ms="21313" started-at="2016-05-20T19:05:29Z" finished-at="2016-05-20T19:05:51Z">
          <reporter-output>
          </reporter-output>
        </test-method> <!-- testLogin -->
      </class> <!-- testCases.ExecuteTest -->
    </test> <!-- Default test -->
  </suite> <!-- Default suite -->
</testng-results>
